reader/build/intermediates/manifest_merge_blame_file/debug/manifest-merger-blame-debug-report.txt
1<?xml version="1.0" encoding="utf-8"?>
2<manifest xmlns:android="http://schemas.android.com/apk/res/android"
3    xmlns:tools="http://schemas.android.com/tools"
4    package="org.geometerplus.zlibrary.ui.android"
5    android:installLocation="auto"
6    android:versionCode="2051010"
7    android:versionName="2.5.10" >
8
9    <uses-sdk
10        android:minSdkVersion="21"
10-->src\main\AndroidManifest.xml
11        android:targetSdkVersion="28" />
11-->src\main\AndroidManifest.xml
12
13    <supports-screens
13-->src\main\AndroidManifest.xml:8:5-13:40
14        android:anyDensity="true"
14-->src\main\AndroidManifest.xml:9:9-34
15        android:largeScreens="true"
15-->src\main\AndroidManifest.xml:10:9-36
16        android:normalScreens="true"
16-->src\main\AndroidManifest.xml:11:9-37
17        android:smallScreens="true"
17-->src\main\AndroidManifest.xml:12:9-36
18        android:xlargeScreens="true" />
18-->src\main\AndroidManifest.xml:13:9-37
19
20    <uses-permission android:name="android.permission.WAKE_LOCK" />
20-->src\main\AndroidManifest.xml:15:5-68
20-->src\main\AndroidManifest.xml:15:22-65
21
22    <!-- 连接网络权限，用于执行云端语音能力 -->
23    <uses-permission android:name="android.permission.INTERNET" />
23-->src\main\AndroidManifest.xml:18:5-66
23-->src\main\AndroidManifest.xml:18:22-64
24    <!-- 读取网络信息状态 -->
25    <uses-permission android:name="android.permission.ACCESS_NETWORK_STATE" />
25-->src\main\AndroidManifest.xml:20:5-78
25-->src\main\AndroidManifest.xml:20:22-76
26    <!-- 获取当前wifi状态 -->
27    <uses-permission android:name="android.permission.ACCESS_WIFI_STATE" />
27-->src\main\AndroidManifest.xml:22:5-75
27-->src\main\AndroidManifest.xml:22:22-73
28    <!-- 允许程序改变网络连接状态 -->
29    <uses-permission android:name="android.permission.CHANGE_NETWORK_STATE" />
29-->src\main\AndroidManifest.xml:24:5-78
29-->src\main\AndroidManifest.xml:24:22-76
30    <!-- 读取手机信息权限 -->
31    <uses-permission android:name="android.permission.READ_PHONE_STATE" />
31-->src\main\AndroidManifest.xml:26:5-74
31-->src\main\AndroidManifest.xml:26:22-72
32    <!-- 外存储写权限，构建语法需要用到此权限 -->
33    <uses-permission android:name="android.permission.WRITE_EXTERNAL_STORAGE" />
33-->src\main\AndroidManifest.xml:28:5-80
33-->src\main\AndroidManifest.xml:28:22-78
34    <!-- 外存储读权限，构建语法需要用到此权限 -->
35    <uses-permission android:name="android.permission.READ_EXTERNAL_STORAGE" />
35-->src\main\AndroidManifest.xml:30:5-79
35-->src\main\AndroidManifest.xml:30:22-77
36
37    <application>
37-->src\main\AndroidManifest.xml:32:5-698:19
38        <activity
38-->src\main\AndroidManifest.xml:33:9-46:20
39            android:name="org.geometerplus.android.fbreader.error.BookReadingErrorActivity"
39-->src\main\AndroidManifest.xml:34:13-92
40            android:configChanges="orientation|keyboardHidden|screenSize"
40-->src\main\AndroidManifest.xml:35:13-74
41            android:process=":error"
41-->src\main\AndroidManifest.xml:36:13-37
42            android:theme="@style/FBReader.Dialog" >
42-->src\main\AndroidManifest.xml:37:13-51
43            <intent-filter>
43-->src\main\AndroidManifest.xml:38:13-45:29
44                <action android:name="android.fbreader.action.ERROR" />
44-->src\main\AndroidManifest.xml:39:17-72
44-->src\main\AndroidManifest.xml:39:25-69
45
46                <category android:name="android.intent.category.DEFAULT" />
46-->src\main\AndroidManifest.xml:41:17-76
46-->src\main\AndroidManifest.xml:41:27-73
47
48                <data
48-->src\main\AndroidManifest.xml:43:17-44:52
49                    android:scheme="BookReadingException"
49-->src\main\AndroidManifest.xml:43:23-60
50                    tools:ignore="AppLinkUrlError" />
50-->src\main\AndroidManifest.xml:44:19-49
51            </intent-filter>
52        </activity>
53        <activity
53-->src\main\AndroidManifest.xml:47:9-53:56
54            android:name="org.geometerplus.zlibrary.ui.android.error.BugReportActivity"
54-->src\main\AndroidManifest.xml:48:13-52
55            android:configChanges="orientation|keyboardHidden|screenSize"
55-->src\main\AndroidManifest.xml:49:13-74
56            android:exported="false"
56-->src\main\AndroidManifest.xml:50:13-37
57            android:label="FBReader crash"
57-->src\main\AndroidManifest.xml:51:13-43
58            android:process=":crash"
58-->src\main\AndroidManifest.xml:52:13-37
59            android:theme="@style/FBReader.Activity" />
59-->src\main\AndroidManifest.xml:53:13-53
60        <activity
60-->src\main\AndroidManifest.xml:54:9-68:20
61            android:name="org.geometerplus.android.fbreader.crash.FixBooksDirectoryActivity"
61-->src\main\AndroidManifest.xml:55:13-93
62            android:configChanges="orientation|keyboardHidden|screenSize"
62-->src\main\AndroidManifest.xml:56:13-74
63            android:exported="false"
63-->src\main\AndroidManifest.xml:57:13-37
64            android:process=":crash"
64-->src\main\AndroidManifest.xml:58:13-37
65            android:theme="@style/FBReader.Dialog" >
65-->src\main\AndroidManifest.xml:59:13-51
66            <intent-filter>
66-->src\main\AndroidManifest.xml:60:13-67:29
67                <action android:name="android.fbreader.action.CRASH" />
67-->src\main\AndroidManifest.xml:61:17-72
67-->src\main\AndroidManifest.xml:61:25-69
68
69                <category android:name="android.intent.category.DEFAULT" />
69-->src\main\AndroidManifest.xml:41:17-76
69-->src\main\AndroidManifest.xml:41:27-73
70
71                <data
71-->src\main\AndroidManifest.xml:43:17-44:52
72                    android:scheme="CachedCharStorageException"
72-->src\main\AndroidManifest.xml:43:23-60
73                    tools:ignore="AppLinkUrlError" />
73-->src\main\AndroidManifest.xml:44:19-49
74            </intent-filter>
75        </activity>
76        <activity
76-->src\main\AndroidManifest.xml:69:9-91:20
77            android:name="org.geometerplus.android.fbreader.crash.MissingNativeLibraryActivity"
77-->src\main\AndroidManifest.xml:70:13-96
78            android:configChanges="orientation|keyboardHidden|screenSize"
78-->src\main\AndroidManifest.xml:71:13-74
79            android:exported="false"
79-->src\main\AndroidManifest.xml:72:13-37
80            android:process=":crash"
80-->src\main\AndroidManifest.xml:73:13-37
81            android:theme="@style/FBReader.Dialog" >
81-->src\main\AndroidManifest.xml:74:13-51
82            <intent-filter>
82-->src\main\AndroidManifest.xml:75:13-82:29
83                <action android:name="android.fbreader.action.CRASH" />
83-->src\main\AndroidManifest.xml:61:17-72
83-->src\main\AndroidManifest.xml:61:25-69
84
85                <category android:name="android.intent.category.DEFAULT" />
85-->src\main\AndroidManifest.xml:41:17-76
85-->src\main\AndroidManifest.xml:41:27-73
86
87                <data
87-->src\main\AndroidManifest.xml:43:17-44:52
88                    android:scheme="ExceptionInInitializerError"
88-->src\main\AndroidManifest.xml:43:23-60
89                    tools:ignore="AppLinkUrlError" />
89-->src\main\AndroidManifest.xml:44:19-49
90            </intent-filter>
91            <intent-filter>
91-->src\main\AndroidManifest.xml:83:13-90:29
92                <action android:name="android.fbreader.action.CRASH" />
92-->src\main\AndroidManifest.xml:61:17-72
92-->src\main\AndroidManifest.xml:61:25-69
93
94                <category android:name="android.intent.category.DEFAULT" />
94-->src\main\AndroidManifest.xml:41:17-76
94-->src\main\AndroidManifest.xml:41:27-73
95
96                <data
96-->src\main\AndroidManifest.xml:43:17-44:52
97                    android:scheme="UnsatisfiedLinkError"
97-->src\main\AndroidManifest.xml:43:23-60
98                    tools:ignore="AppLinkUrlError" />
98-->src\main\AndroidManifest.xml:44:19-49
99            </intent-filter>
100        </activity>
101
102        <service
102-->src\main\AndroidManifest.xml:93:9-101:19
103            android:name="org.geometerplus.android.fbreader.api.ApiService"
103-->src\main\AndroidManifest.xml:94:13-76
104            android:launchMode="singleTask" >
104-->src\main\AndroidManifest.xml:95:13-44
105            <intent-filter>
105-->src\main\AndroidManifest.xml:96:13-100:29
106                <action android:name="android.fbreader.action.API" />
106-->src\main\AndroidManifest.xml:97:17-70
106-->src\main\AndroidManifest.xml:97:25-67
107
108                <category android:name="android.intent.category.DEFAULT" />
108-->src\main\AndroidManifest.xml:41:17-76
108-->src\main\AndroidManifest.xml:41:27-73
109            </intent-filter>
110        </service>
111
112        <activity
112-->src\main\AndroidManifest.xml:103:9-237:20
113            android:name="org.geometerplus.android.fbreader.FBReader"
113-->src\main\AndroidManifest.xml:104:13-70
114            android:configChanges="orientation|keyboardHidden|screenSize"
114-->src\main\AndroidManifest.xml:105:13-74
115            android:launchMode="singleTask"
115-->src\main\AndroidManifest.xml:106:13-44
116            android:theme="@style/FBReader.Activity" >
116-->src\main\AndroidManifest.xml:107:13-53
117
118            <!-- <intent-filter> -->
119            <!-- <action android:name="android.intent.action.MAIN" /> -->
120
121
122            <!-- <category android:name="android.intent.category.LAUNCHER" /> -->
123            <!-- </intent-filter> -->
124            <intent-filter>
124-->src\main\AndroidManifest.xml:113:13-117:29
125                <action android:name="android.fbreader.action.VIEW" />
125-->src\main\AndroidManifest.xml:114:17-71
125-->src\main\AndroidManifest.xml:114:25-68
126
127                <category android:name="android.intent.category.DEFAULT" />
127-->src\main\AndroidManifest.xml:41:17-76
127-->src\main\AndroidManifest.xml:41:27-73
128            </intent-filter>
129            <intent-filter>
129-->src\main\AndroidManifest.xml:118:13-124:29
130                <action android:name="android.fbreader.action.VIEW" />
130-->src\main\AndroidManifest.xml:114:17-71
130-->src\main\AndroidManifest.xml:114:25-68
131
132                <category android:name="android.intent.category.DEFAULT" />
132-->src\main\AndroidManifest.xml:41:17-76
132-->src\main\AndroidManifest.xml:41:27-73
133
134                <data android:scheme="file" />
134-->src\main\AndroidManifest.xml:43:17-44:52
134-->src\main\AndroidManifest.xml:43:23-60
135            </intent-filter>
136            <intent-filter>
136-->src\main\AndroidManifest.xml:125:13-131:29
137                <action android:name="android.intent.action.VIEW" />
137-->src\main\AndroidManifest.xml:126:17-69
137-->src\main\AndroidManifest.xml:126:25-66
138
139                <category android:name="android.intent.category.DEFAULT" />
139-->src\main\AndroidManifest.xml:41:17-76
139-->src\main\AndroidManifest.xml:41:27-73
140
141                <data android:scheme="fbreader-action" />
141-->src\main\AndroidManifest.xml:43:17-44:52
141-->src\main\AndroidManifest.xml:43:23-60
142            </intent-filter>
143            <intent-filter>
143-->src\main\AndroidManifest.xml:132:13-136:29
144                <action android:name="android.fbreader.action.PLUGIN" />
144-->src\main\AndroidManifest.xml:133:17-73
144-->src\main\AndroidManifest.xml:133:25-70
145
146                <category android:name="android.intent.category.DEFAULT" />
146-->src\main\AndroidManifest.xml:41:17-76
146-->src\main\AndroidManifest.xml:41:27-73
147            </intent-filter>
148            <intent-filter>
148-->src\main\AndroidManifest.xml:137:13-157:29
149                <action android:name="android.intent.action.VIEW" />
149-->src\main\AndroidManifest.xml:126:17-69
149-->src\main\AndroidManifest.xml:126:25-66
150
151                <category android:name="android.intent.category.DEFAULT" />
151-->src\main\AndroidManifest.xml:41:17-76
151-->src\main\AndroidManifest.xml:41:27-73
152
153                <data
153-->src\main\AndroidManifest.xml:43:17-44:52
154                    android:host="*"
154-->src\main\AndroidManifest.xml:143:21-37
155                    android:scheme="file" />
155-->src\main\AndroidManifest.xml:43:23-60
156                <data android:pathPattern=".*\\.epub" />
156-->src\main\AndroidManifest.xml:43:17-44:52
156-->src\main\AndroidManifest.xml:145:23-54
157                <data android:pathPattern=".*\\.oeb" />
157-->src\main\AndroidManifest.xml:43:17-44:52
157-->src\main\AndroidManifest.xml:145:23-54
158                <data android:pathPattern=".*\\.fb2" />
158-->src\main\AndroidManifest.xml:43:17-44:52
158-->src\main\AndroidManifest.xml:145:23-54
159                <data android:pathPattern=".*\\.fb2\\.zip" />
159-->src\main\AndroidManifest.xml:43:17-44:52
159-->src\main\AndroidManifest.xml:145:23-54
160                <data android:pathPattern=".*\\.mobi" />
160-->src\main\AndroidManifest.xml:43:17-44:52
160-->src\main\AndroidManifest.xml:145:23-54
161                <data android:pathPattern=".*\\.prc" />
161-->src\main\AndroidManifest.xml:43:17-44:52
161-->src\main\AndroidManifest.xml:145:23-54
162                <data android:pathPattern=".*\\.txt" />
162-->src\main\AndroidManifest.xml:43:17-44:52
162-->src\main\AndroidManifest.xml:145:23-54
163                <data android:pathPattern=".*\\.rtf" />
163-->src\main\AndroidManifest.xml:43:17-44:52
163-->src\main\AndroidManifest.xml:145:23-54
164                <data android:pathPattern=".*\\.pdf" />
164-->src\main\AndroidManifest.xml:43:17-44:52
164-->src\main\AndroidManifest.xml:145:23-54
165                <data android:pathPattern=".*\\.djvu" />
165-->src\main\AndroidManifest.xml:43:17-44:52
165-->src\main\AndroidManifest.xml:145:23-54
166                <data android:pathPattern=".*\\.cbr" />
166-->src\main\AndroidManifest.xml:43:17-44:52
166-->src\main\AndroidManifest.xml:145:23-54
167                <data android:pathPattern=".*\\.cbz" />
167-->src\main\AndroidManifest.xml:43:17-44:52
167-->src\main\AndroidManifest.xml:145:23-54
168            </intent-filter>
169            <intent-filter>
169-->src\main\AndroidManifest.xml:158:13-178:29
170                <action android:name="android.intent.action.VIEW" />
170-->src\main\AndroidManifest.xml:126:17-69
170-->src\main\AndroidManifest.xml:126:25-66
171
172                <category android:name="android.intent.category.DEFAULT" />
172-->src\main\AndroidManifest.xml:41:17-76
172-->src\main\AndroidManifest.xml:41:27-73
173
174                <data
174-->src\main\AndroidManifest.xml:43:17-44:52
175                    android:host="*"
175-->src\main\AndroidManifest.xml:143:21-37
176                    android:mimeType="text/plain"
176-->src\main\AndroidManifest.xml:165:21-50
177                    android:scheme="file" />
177-->src\main\AndroidManifest.xml:43:23-60
178                <data android:pathPattern=".*\\.epub" />
178-->src\main\AndroidManifest.xml:43:17-44:52
178-->src\main\AndroidManifest.xml:145:23-54
179                <data android:pathPattern=".*\\.oeb" />
179-->src\main\AndroidManifest.xml:43:17-44:52
179-->src\main\AndroidManifest.xml:145:23-54
180                <data android:pathPattern=".*\\.fb2" />
180-->src\main\AndroidManifest.xml:43:17-44:52
180-->src\main\AndroidManifest.xml:145:23-54
181                <data android:pathPattern=".*\\.mobi" />
181-->src\main\AndroidManifest.xml:43:17-44:52
181-->src\main\AndroidManifest.xml:145:23-54
182                <data android:pathPattern=".*\\.prc" />
182-->src\main\AndroidManifest.xml:43:17-44:52
182-->src\main\AndroidManifest.xml:145:23-54
183                <data android:pathPattern=".*\\.txt" />
183-->src\main\AndroidManifest.xml:43:17-44:52
183-->src\main\AndroidManifest.xml:145:23-54
184                <data android:pathPattern=".*\\.rtf" />
184-->src\main\AndroidManifest.xml:43:17-44:52
184-->src\main\AndroidManifest.xml:145:23-54
185                <data android:pathPattern=".*\\.pdf" />
185-->src\main\AndroidManifest.xml:43:17-44:52
185-->src\main\AndroidManifest.xml:145:23-54
186                <data android:pathPattern=".*\\.djvu" />
186-->src\main\AndroidManifest.xml:43:17-44:52
186-->src\main\AndroidManifest.xml:145:23-54
187                <data android:pathPattern=".*\\.cbr" />
187-->src\main\AndroidManifest.xml:43:17-44:52
187-->src\main\AndroidManifest.xml:145:23-54
188                <data android:pathPattern=".*\\.cbz" />
188-->src\main\AndroidManifest.xml:43:17-44:52
188-->src\main\AndroidManifest.xml:145:23-54
189            </intent-filter>
190            <!--
191            intent-filter>
192				<action android:name="android.intent.action.VIEW"/>
193				<category android:name="android.intent.category.DEFAULT"/>
194				<category android:name="android.intent.category.BROWSABLE"/>
195				<data android:scheme="content" android:pathPattern=".*\\.fb2"/>
196			</intent-filter
197            -->
198            <intent-filter>
198-->src\main\AndroidManifest.xml:187:13-210:29
199                <action android:name="android.intent.action.VIEW" />
199-->src\main\AndroidManifest.xml:126:17-69
199-->src\main\AndroidManifest.xml:126:25-66
200
201                <category android:name="android.intent.category.DEFAULT" />
201-->src\main\AndroidManifest.xml:41:17-76
201-->src\main\AndroidManifest.xml:41:27-73
202                <category android:name="android.intent.category.BROWSABLE" />
202-->src\main\AndroidManifest.xml:191:17-78
202-->src\main\AndroidManifest.xml:191:27-75
203
204                <data
204-->src\main\AndroidManifest.xml:43:17-44:52
205                    android:host="*"
205-->src\main\AndroidManifest.xml:143:21-37
206                    android:scheme="file" />
206-->src\main\AndroidManifest.xml:43:23-60
207                <data android:mimeType="application/epub+zip" />
207-->src\main\AndroidManifest.xml:43:17-44:52
207-->src\main\AndroidManifest.xml:165:21-50
208                <data android:mimeType="application/x-pilot-prc" />
208-->src\main\AndroidManifest.xml:43:17-44:52
208-->src\main\AndroidManifest.xml:165:21-50
209                <data android:mimeType="application/x-mobipocket-ebook" />
209-->src\main\AndroidManifest.xml:43:17-44:52
209-->src\main\AndroidManifest.xml:165:21-50
210                <data android:mimeType="application/x-fictionbook+xml" />
210-->src\main\AndroidManifest.xml:43:17-44:52
210-->src\main\AndroidManifest.xml:165:21-50
211                <data android:mimeType="application/x-fictionbook" />
211-->src\main\AndroidManifest.xml:43:17-44:52
211-->src\main\AndroidManifest.xml:165:21-50
212                <data android:mimeType="application/pdf" />
212-->src\main\AndroidManifest.xml:43:17-44:52
212-->src\main\AndroidManifest.xml:165:21-50
213                <data android:mimeType="application/x-pdf" />
213-->src\main\AndroidManifest.xml:43:17-44:52
213-->src\main\AndroidManifest.xml:165:21-50
214                <data android:mimeType="application/djvu" />
214-->src\main\AndroidManifest.xml:43:17-44:52
214-->src\main\AndroidManifest.xml:165:21-50
215                <data android:mimeType="application/x-djvu" />
215-->src\main\AndroidManifest.xml:43:17-44:52
215-->src\main\AndroidManifest.xml:165:21-50
216                <data android:mimeType="application/x-cbr" />
216-->src\main\AndroidManifest.xml:43:17-44:52
216-->src\main\AndroidManifest.xml:165:21-50
217                <data android:mimeType="application/x-cbz" />
217-->src\main\AndroidManifest.xml:43:17-44:52
217-->src\main\AndroidManifest.xml:165:21-50
218                <data android:mimeType="image/vnd.djvu" />
218-->src\main\AndroidManifest.xml:43:17-44:52
218-->src\main\AndroidManifest.xml:165:21-50
219                <data android:mimeType="image/x-djvu" />
219-->src\main\AndroidManifest.xml:43:17-44:52
219-->src\main\AndroidManifest.xml:165:21-50
220                <data android:mimeType="text/plain" />
220-->src\main\AndroidManifest.xml:43:17-44:52
220-->src\main\AndroidManifest.xml:165:21-50
221            </intent-filter>
222            <intent-filter tools:ignore="AppLinkUrlError" >
222-->src\main\AndroidManifest.xml:211:13-218:29
222-->src\main\AndroidManifest.xml:211:28-58
223                <action android:name="android.intent.action.VIEW" />
223-->src\main\AndroidManifest.xml:126:17-69
223-->src\main\AndroidManifest.xml:126:25-66
224
225                <category android:name="android.intent.category.DEFAULT" />
225-->src\main\AndroidManifest.xml:41:17-76
225-->src\main\AndroidManifest.xml:41:27-73
226
227                <data android:mimeType="text/*" />
227-->src\main\AndroidManifest.xml:43:17-44:52
227-->src\main\AndroidManifest.xml:165:21-50
228                <data android:mimeType="application/epub+zip" />
228-->src\main\AndroidManifest.xml:43:17-44:52
228-->src\main\AndroidManifest.xml:165:21-50
229                <data android:mimeType="application/zip" />
229-->src\main\AndroidManifest.xml:43:17-44:52
229-->src\main\AndroidManifest.xml:165:21-50
230                <data android:mimeType="application/rar" />
230-->src\main\AndroidManifest.xml:43:17-44:52
230-->src\main\AndroidManifest.xml:165:21-50
231            </intent-filter>
232            <intent-filter>
232-->src\main\AndroidManifest.xml:219:13-221:29
233                <action android:name="android.intent.action.SEARCH" />
233-->src\main\AndroidManifest.xml:220:17-71
233-->src\main\AndroidManifest.xml:220:25-68
234            </intent-filter>
235
236            <meta-data
236-->src\main\AndroidManifest.xml:223:13-225:54
237                android:name="android.app.searchable"
237-->src\main\AndroidManifest.xml:224:17-54
238                android:resource="@xml/searchable" />
238-->src\main\AndroidManifest.xml:225:17-51
239
240            <intent-filter>
240-->src\main\AndroidManifest.xml:227:13-231:29
241                <action android:name="android.fbreader.action.CLOSE" />
241-->src\main\AndroidManifest.xml:228:17-72
241-->src\main\AndroidManifest.xml:228:25-69
242
243                <category android:name="android.intent.category.DEFAULT" />
243-->src\main\AndroidManifest.xml:41:17-76
243-->src\main\AndroidManifest.xml:41:27-73
244            </intent-filter>
245            <intent-filter>
245-->src\main\AndroidManifest.xml:232:13-236:29
246                <action android:name="android.fbreader.action.PLUGIN_CRASH" />
246-->src\main\AndroidManifest.xml:233:17-79
246-->src\main\AndroidManifest.xml:233:25-76
247
248                <category android:name="android.intent.category.DEFAULT" />
248-->src\main\AndroidManifest.xml:41:17-76
248-->src\main\AndroidManifest.xml:41:27-73
249            </intent-filter>
250        </activity>
251        <activity
251-->src\main\AndroidManifest.xml:238:9-242:54
252            android:name="org.geometerplus.android.fbreader.dict.DictionaryNotInstalledActivity"
252-->src\main\AndroidManifest.xml:239:13-97
253            android:configChanges="orientation|keyboardHidden|screenSize"
253-->src\main\AndroidManifest.xml:240:13-74
254            android:exported="false"
254-->src\main\AndroidManifest.xml:241:13-37
255            android:theme="@style/FBReader.Dialog" />
255-->src\main\AndroidManifest.xml:242:13-51
256        <activity
256-->src\main\AndroidManifest.xml:243:9-252:20
257            android:name="org.geometerplus.android.fbreader.CancelActivity"
257-->src\main\AndroidManifest.xml:244:13-76
258            android:configChanges="orientation|keyboardHidden|screenSize"
258-->src\main\AndroidManifest.xml:245:13-74
259            android:theme="@style/FBReader.Dialog" >
259-->src\main\AndroidManifest.xml:246:13-51
260            <intent-filter>
260-->src\main\AndroidManifest.xml:247:13-251:29
261                <action android:name="android.fbreader.action.CANCEL_MENU" />
261-->src\main\AndroidManifest.xml:248:17-78
261-->src\main\AndroidManifest.xml:248:25-75
262
263                <category android:name="android.intent.category.DEFAULT" />
263-->src\main\AndroidManifest.xml:41:17-76
263-->src\main\AndroidManifest.xml:41:27-73
264            </intent-filter>
265        </activity>
266        <activity
266-->src\main\AndroidManifest.xml:253:9-256:54
267            android:name="org.geometerplus.android.fbreader.PluginListActivity"
267-->src\main\AndroidManifest.xml:254:13-80
268            android:configChanges="orientation|keyboardHidden|screenSize"
268-->src\main\AndroidManifest.xml:255:13-74
269            android:theme="@style/FBReader.Dialog" />
269-->src\main\AndroidManifest.xml:256:13-51
270        <activity
270-->src\main\AndroidManifest.xml:257:9-276:20
271            android:name="org.geometerplus.android.fbreader.bookmark.BookmarksActivity"
271-->src\main\AndroidManifest.xml:258:13-88
272            android:configChanges="orientation|keyboardHidden|screenSize"
272-->src\main\AndroidManifest.xml:259:13-74
273            android:launchMode="singleTask"
273-->src\main\AndroidManifest.xml:260:13-44
274            android:process=":bookmarks"
274-->src\main\AndroidManifest.xml:261:13-41
275            android:theme="@style/FBReader.Activity.NoActionBar" >
275-->src\main\AndroidManifest.xml:262:13-65
276            <intent-filter>
276-->src\main\AndroidManifest.xml:219:13-221:29
277                <action android:name="android.intent.action.SEARCH" />
277-->src\main\AndroidManifest.xml:220:17-71
277-->src\main\AndroidManifest.xml:220:25-68
278            </intent-filter>
279
280            <meta-data
280-->src\main\AndroidManifest.xml:223:13-225:54
281                android:name="android.app.searchable"
281-->src\main\AndroidManifest.xml:224:17-54
282                android:resource="@xml/searchable" />
282-->src\main\AndroidManifest.xml:225:17-51
283
284            <intent-filter>
284-->src\main\AndroidManifest.xml:271:13-275:29
285                <action android:name="android.fbreader.action.BOOKMARKS" />
285-->src\main\AndroidManifest.xml:272:17-76
285-->src\main\AndroidManifest.xml:272:25-73
286
287                <category android:name="android.intent.category.DEFAULT" />
287-->src\main\AndroidManifest.xml:41:17-76
287-->src\main\AndroidManifest.xml:41:27-73
288            </intent-filter>
289        </activity>
290        <activity
290-->src\main\AndroidManifest.xml:277:9-286:20
291            android:name="org.geometerplus.android.fbreader.bookmark.EditBookmarkActivity"
291-->src\main\AndroidManifest.xml:278:13-91
292            android:configChanges="orientation|keyboardHidden|screenSize"
292-->src\main\AndroidManifest.xml:279:13-74
293            android:theme="@style/FBReader.Dialog" >
293-->src\main\AndroidManifest.xml:280:13-51
294            <intent-filter>
294-->src\main\AndroidManifest.xml:281:13-285:29
295                <action android:name="android.fbreader.action.EDIT_BOOKMARK" />
295-->src\main\AndroidManifest.xml:282:17-80
295-->src\main\AndroidManifest.xml:282:25-77
296
297                <category android:name="android.intent.category.DEFAULT" />
297-->src\main\AndroidManifest.xml:41:17-76
297-->src\main\AndroidManifest.xml:41:27-73
298            </intent-filter>
299        </activity>
300        <activity
300-->src\main\AndroidManifest.xml:287:9-296:20
301            android:name="org.geometerplus.android.fbreader.bookmark.EditStyleActivity"
301-->src\main\AndroidManifest.xml:288:13-88
302            android:configChanges="orientation|keyboardHidden|screenSize"
302-->src\main\AndroidManifest.xml:289:13-74
303            android:theme="@style/FBReader.Dialog" >
303-->src\main\AndroidManifest.xml:290:13-51
304            <intent-filter>
304-->src\main\AndroidManifest.xml:291:13-295:29
305                <action android:name="android.fbreader.action.EDIT_STYLES" />
305-->src\main\AndroidManifest.xml:292:17-78
305-->src\main\AndroidManifest.xml:292:25-75
306
307                <category android:name="android.intent.category.DEFAULT" />
307-->src\main\AndroidManifest.xml:41:17-76
307-->src\main\AndroidManifest.xml:41:27-73
308            </intent-filter>
309        </activity>
310        <activity
310-->src\main\AndroidManifest.xml:297:9-301:56
311            android:name="org.geometerplus.android.fbreader.image.ImageViewActivity"
311-->src\main\AndroidManifest.xml:298:13-85
312            android:configChanges="orientation|keyboardHidden|screenSize"
312-->src\main\AndroidManifest.xml:299:13-74
313            android:process=":imageView"
313-->src\main\AndroidManifest.xml:300:13-41
314            android:theme="@style/FBReader.Activity" />
314-->src\main\AndroidManifest.xml:301:13-53
315
316        <service
316-->src\main\AndroidManifest.xml:303:9-310:19
317            android:name="org.geometerplus.android.fbreader.libraryService.LibraryService"
317-->src\main\AndroidManifest.xml:304:13-91
318            android:launchMode="singleTask"
318-->src\main\AndroidManifest.xml:305:13-44
319            android:process=":libraryService" >
319-->src\main\AndroidManifest.xml:306:13-46
320            <intent-filter>
320-->src\main\AndroidManifest.xml:307:13-309:29
321                <action android:name="android.fbreader.action.LIBRARY_SERVICE" />
321-->src\main\AndroidManifest.xml:308:17-82
321-->src\main\AndroidManifest.xml:308:25-79
322            </intent-filter>
323        </service>
324        <service
324-->src\main\AndroidManifest.xml:311:9-318:19
325            android:name="org.geometerplus.android.fbreader.config.ConfigService"
325-->src\main\AndroidManifest.xml:312:13-82
326            android:launchMode="singleTask"
326-->src\main\AndroidManifest.xml:313:13-44
327            android:process=":configService" >
327-->src\main\AndroidManifest.xml:314:13-45
328            <intent-filter>
328-->src\main\AndroidManifest.xml:315:13-317:29
329                <action android:name="android.fbreader.action.CONFIG_SERVICE" />
329-->src\main\AndroidManifest.xml:316:17-81
329-->src\main\AndroidManifest.xml:316:25-78
330            </intent-filter>
331        </service>
332        <service
332-->src\main\AndroidManifest.xml:319:9-329:19
333            android:name="org.geometerplus.android.fbreader.sync.SyncService"
333-->src\main\AndroidManifest.xml:320:13-78
334            android:launchMode="singleTask"
334-->src\main\AndroidManifest.xml:321:13-44